<?xml version="1.0" encoding="UTF-8"?>
<testsuite xmlns:xsi="http://www.w3.org/2001/XMLSchema-instance" xsi:noNamespaceSchemaLocation="https://maven.apache.org/surefire/maven-surefire-plugin/xsd/surefire-test-report-3.0.xsd" version="3.0" name="com.example.APITest" time="4.91" tests="2" errors="0" skipped="0" failures="0">
  <properties>
[...]
</properties>
  <testcase name="getUser" classname="com.example.APITest" time="4.442">
    <system-out><![CDATA[HTTP/1.1 200 OK
Date: Thu, 19 Sep 2024 16:34:15 GMT
Content-Type: application/json; charset=utf-8
Transfer-Encoding: chunked
Connection: keep-alive
Report-To: {"group":"heroku-nel","max_age":3600,"endpoints":[{"url":"https://nel.heroku.com/reports?ts=1726551891&sid=c4c9725f-1ab0-44d8-820f-430df2718e11&s=z66YMLrfpyop19KEhRrxFdmnUnOujKwNEuHPDb1ckyw%3D"}]}
Reporting-Endpoints: heroku-nel=https://nel.heroku.com/reports?ts=1726551891&sid=c4c9725f-1ab0-44d8-820f-430df2718e11&s=z66YMLrfpyop19KEhRrxFdmnUnOujKwNEuHPDb1ckyw%3D
Nel: {"report_to":"heroku-nel","max_age":3600,"success_fraction":0.005,"failure_fraction":0.05,"response_headers":["Via"]}
X-Powered-By: Express
Access-Control-Allow-Origin: *
Etag: W/"406-ut0vzoCuidvyMf8arZpMpJ6ZRDw"
Via: 1.1 vegur
Cache-Control: max-age=14400
CF-Cache-Status: HIT
Age: 2336
Vary: Accept-Encoding
Server: cloudflare
CF-RAY: 8c5afb6fbef347cd-BOM
Content-Encoding: gzip

{
    "page": 2,
    "per_page": 6,
    "total": 12,
    "total_pages": 2,
    "data": [
        {
            "id": 7,
            "email": "michael.lawson@reqres.in",
            "first_name": "Michael",
            "last_name": "Lawson",
            "avatar": "https://reqres.in/img/faces/7-image.jpg"
        },
        {
            "id": 8,
            "email": "lindsay.ferguson@reqres.in",
            "first_name": "Lindsay",
            "last_name": "Ferguson",
            "avatar": "https://reqres.in/img/faces/8-image.jpg"
        },
        {
            "id": 9,
            "email": "tobias.funke@reqres.in",
            "first_name": "Tobias",
            "last_name": "Funke",
            "avatar": "https://reqres.in/img/faces/9-image.jpg"
        },
        {
            "id": 10,
            "email": "byron.fields@reqres.in",
            "first_name": "Byron",
            "last_name": "Fields",
            "avatar": "https://reqres.in/img/faces/10-image.jpg"
        },
        {
            "id": 11,
            "email": "george.edwards@reqres.in",
            "first_name": "George",
            "last_name": "Edwards",
            "avatar": "https://reqres.in/img/faces/11-image.jpg"
        },
        {
            "id": 12,
            "email": "rachel.howell@reqres.in",
            "first_name": "Rachel",
            "last_name": "Howell",
            "avatar": "https://reqres.in/img/faces/12-image.jpg"
        }
    ],
    "support": {
        "url": "https://reqres.in/#support-heading",
        "text": "To keep ReqRes free, contributions towards server costs are appreciated!"
    }
}
]]></system-out>
  </testcase>
  <testcase name="createUser" classname="com.example.APITest" time="0.432">
    <system-out><![CDATA[HTTP/1.1 201 Created
Date: Thu, 19 Sep 2024 16:34:17 GMT
Content-Type: application/json; charset=utf-8
Content-Length: 96
Connection: keep-alive
Report-To: {"group":"heroku-nel","max_age":3600,"endpoints":[{"url":"https://nel.heroku.com/reports?ts=1726763657&sid=c4c9725f-1ab0-44d8-820f-430df2718e11&s=aco4whfDkaWH3wa9jYJMmS%2BYMV9LJ%2BjJkJNltEjSL70%3D"}]}
Reporting-Endpoints: heroku-nel=https://nel.heroku.com/reports?ts=1726763657&sid=c4c9725f-1ab0-44d8-820f-430df2718e11&s=aco4whfDkaWH3wa9jYJMmS%2BYMV9LJ%2BjJkJNltEjSL70%3D
Nel: {"report_to":"heroku-nel","max_age":3600,"success_fraction":0.005,"failure_fraction":0.05,"response_headers":["Via"]}
X-Powered-By: Express
Access-Control-Allow-Origin: *
Etag: W/"60-1jw2YJ5lEYP+fT1Jzlcbb0rlBy4"
Via: 1.1 vegur
CF-Cache-Status: DYNAMIC
Server: cloudflare
CF-RAY: 8c5afb788a2b47f5-BOM

{
    "name": "John Doe",
    "email": "john@example.com",
    "id": "975",
    "createdAt": "2024-09-19T16:34:17.280Z"
}
]]></system-out>
  </testcase>
</testsuite>